# JRE version: OpenJDK Runtime Environment Temurin-21.0.8+9 (21.0.8+9) (build 21.0.8+9-LTS)
# Java VM: OpenJDK 64-Bit Server VM Temurin-21.0.8+9 (21.0.8+9-LTS, mixed mode, sharing, tiered, compressed oops, compressed class ptrs, parallel gc, windows-amd64)
GC Precious Log:
 CardTable entry size: 512
 CPUs: 8 total, 8 available
 Memory: 20285M
 Large Page Support: Disabled
 NUMA Support: Disabled
 Compressed Oops: Enabled (32-bit)
 Alignments: Space 512K, Generation 512K, Heap 2M
 Heap Min Capacity: 100M
 Heap Initial Capacity: 100M
 Heap Max Capacity: 2G
 Pre-touch: Disabled
 Parallel Workers: 8
Heap:
 PSYoungGen      total 17920K, used 3511K [0x00000000d5580000, 0x00000000d6900000, 0x0000000100000000)
  eden space 16896K, 14% used [0x00000000d5580000,0x00000000d57efbe8,0x00000000d6600000)
  from space 1024K, 99% used [0x00000000d6780000,0x00000000d687e2e0,0x00000000d6880000)
  to   space 1536K, 0% used [0x00000000d6600000,0x00000000d6600000,0x00000000d6780000)
 ParOldGen       total 958464K, used 958149K [0x0000000080000000, 0x00000000ba800000, 0x00000000d5580000)
  object space 958464K, 99% used [0x0000000080000000,0x00000000ba7b1560,0x00000000ba800000)
 Metaspace       used 92794K, committed 94528K, reserved 1179648K
  class space    used 9194K, committed 9984K, reserved 1048576K
GC Heap History (20 events):
Event: 65310.129 GC heap before
{Heap before GC invocations=3530 (full 8):
 PSYoungGen      total 17920K, used 17897K [0x00000000d5580000, 0x00000000d6b80000, 0x0000000100000000)
  eden space 16896K, 100% used [0x00000000d5580000,0x00000000d6600000,0x00000000d6600000)
  from space 1024K, 97% used [0x00000000d6a80000,0x00000000d6b7a400,0x00000000d6b80000)
  to   space 2560K, 0% used [0x00000000d6680000,0x00000000d6680000,0x00000000d6900000)
 ParOldGen       total 953344K, used 953310K [0x0000000080000000, 0x00000000ba300000, 0x00000000d5580000)
  object space 953344K, 99% used [0x0000000080000000,0x00000000ba2f7880,0x00000000ba300000)
 Metaspace       used 92779K, committed 94528K, reserved 1179648K
  class space    used 9194K, committed 9984K, reserved 1048576K
}
Event: 65310.132 GC heap after
{Heap after GC invocations=3530 (full 8):
 PSYoungGen      total 19456K, used 704K [0x00000000d5580000, 0x00000000d6b00000, 0x0000000100000000)
  eden space 16896K, 0% used [0x00000000d5580000,0x00000000d5580000,0x00000000d6600000)
  from space 2560K, 27% used [0x00000000d6680000,0x00000000d6730000,0x00000000d6900000)
  to   space 1024K, 0% used [0x00000000d6a00000,0x00000000d6a00000,0x00000000d6b00000)
 ParOldGen       total 954368K, used 954149K [0x0000000080000000, 0x00000000ba400000, 0x00000000d5580000)
  object space 954368K, 99% used [0x0000000080000000,0x00000000ba3c9758,0x00000000ba400000)
 Metaspace       used 92779K, committed 94528K, reserved 1179648K
  class space    used 9194K, committed 9984K, reserved 1048576K
}
Event: 65310.166 GC heap before
{Heap before GC invocations=3531 (full 8):
 PSYoungGen      total 19456K, used 17600K [0x00000000d5580000, 0x00000000d6b00000, 0x0000000100000000)
  eden space 16896K, 100% used [0x00000000d5580000,0x00000000d6600000,0x00000000d6600000)
  from space 2560K, 27% used [0x00000000d6680000,0x00000000d6730000,0x00000000d6900000)
  to   space 1024K, 0% used [0x00000000d6a00000,0x00000000d6a00000,0x00000000d6b00000)
 ParOldGen       total 954368K, used 954149K [0x0000000080000000, 0x00000000ba400000, 0x00000000d5580000)
  object space 954368K, 99% used [0x0000000080000000,0x00000000ba3c9758,0x00000000ba400000)
 Metaspace       used 92779K, committed 94528K, reserved 1179648K
  class space    used 9194K, committed 9984K, reserved 1048576K
}
Event: 65310.170 GC heap after
{Heap after GC invocations=3531 (full 8):
 PSYoungGen      total 17920K, used 679K [0x00000000d5580000, 0x00000000d6b00000, 0x0000000100000000)
  eden space 16896K, 0% used [0x00000000d5580000,0x00000000d5580000,0x00000000d6600000)
  from space 1024K, 66% used [0x00000000d6a00000,0x00000000d6aa9df0,0x00000000d6b00000)
  to   space 1024K, 0% used [0x00000000d6900000,0x00000000d6900000,0x00000000d6a00000)
 ParOldGen       total 954880K, used 954817K [0x0000000080000000, 0x00000000ba480000, 0x00000000d5580000)
  object space 954880K, 99% used [0x0000000080000000,0x00000000ba470668,0x00000000ba480000)
 Metaspace       used 92779K, committed 94528K, reserved 1179648K
  class space    used 9194K, committed 9984K, reserved 1048576K
}
Event: 65311.025 GC heap before
{Heap before GC invocations=3532 (full 8):
 PSYoungGen      total 17920K, used 17575K [0x00000000d5580000, 0x00000000d6b00000, 0x0000000100000000)
  eden space 16896K, 100% used [0x00000000d5580000,0x00000000d6600000,0x00000000d6600000)
  from space 1024K, 66% used [0x00000000d6a00000,0x00000000d6aa9df0,0x00000000d6b00000)
  to   space 1024K, 0% used [0x00000000d6900000,0x00000000d6900000,0x00000000d6a00000)
 ParOldGen       total 954880K, used 954817K [0x0000000080000000, 0x00000000ba480000, 0x00000000d5580000)
  object space 954880K, 99% used [0x0000000080000000,0x00000000ba470668,0x00000000ba480000)
 Metaspace       used 92779K, committed 94528K, reserved 1179648K
  class space    used 9194K, committed 9984K, reserved 1048576K
}
Event: 65311.027 GC heap after
{Heap after GC invocations=3532 (full 8):
 PSYoungGen      total 17920K, used 1023K [0x00000000d5580000, 0x00000000d6a80000, 0x0000000100000000)
  eden space 16896K, 0% used [0x00000000d5580000,0x00000000d5580000,0x00000000d6600000)
  from space 1024K, 99% used [0x00000000d6900000,0x00000000d69fff88,0x00000000d6a00000)
  to   space 512K, 0% used [0x00000000d6a00000,0x00000000d6a00000,0x00000000d6a80000)
 ParOldGen       total 955904K, used 955509K [0x0000000080000000, 0x00000000ba580000, 0x00000000d5580000)
  object space 955904K, 99% used [0x0000000080000000,0x00000000ba51d488,0x00000000ba580000)
 Metaspace       used 92779K, committed 94528K, reserved 1179648K
  class space    used 9194K, committed 9984K, reserved 1048576K
}
Event: 65311.059 GC heap before
{Heap before GC invocations=3533 (full 8):
 PSYoungGen      total 17920K, used 17909K [0x00000000d5580000, 0x00000000d6a80000, 0x0000000100000000)
  eden space 16896K, 99% used [0x00000000d5580000,0x00000000d65fd528,0x00000000d6600000)
  from space 1024K, 99% used [0x00000000d6900000,0x00000000d69fff88,0x00000000d6a00000)
  to   space 512K, 0% used [0x00000000d6a00000,0x00000000d6a00000,0x00000000d6a80000)
 ParOldGen       total 955904K, used 955509K [0x0000000080000000, 0x00000000ba580000, 0x00000000d5580000)
  object space 955904K, 99% used [0x0000000080000000,0x00000000ba51d488,0x00000000ba580000)
 Metaspace       used 92781K, committed 94528K, reserved 1179648K
  class space    used 9194K, committed 9984K, reserved 1048576K
}
Event: 65311.062 GC heap after
{Heap after GC invocations=3533 (full 8):
 PSYoungGen      total 17408K, used 502K [0x00000000d5580000, 0x00000000d6b00000, 0x0000000100000000)
  eden space 16896K, 0% used [0x00000000d5580000,0x00000000d5580000,0x00000000d6600000)
  from space 512K, 98% used [0x00000000d6a00000,0x00000000d6a7d900,0x00000000d6a80000)
  to   space 2560K, 0% used [0x00000000d6600000,0x00000000d6600000,0x00000000d6880000)
 ParOldGen       total 957440K, used 957137K [0x0000000080000000, 0x00000000ba700000, 0x00000000d5580000)
  object space 957440K, 99% used [0x0000000080000000,0x00000000ba6b4438,0x00000000ba700000)
 Metaspace       used 92781K, committed 94528K, reserved 1179648K
  class space    used 9194K, committed 9984K, reserved 1048576K
}
Event: 65311.694 GC heap before
{Heap before GC invocations=3534 (full 8):
 PSYoungGen      total 17408K, used 17398K [0x00000000d5580000, 0x00000000d6b00000, 0x0000000100000000)
  eden space 16896K, 100% used [0x00000000d5580000,0x00000000d6600000,0x00000000d6600000)
  from space 512K, 98% used [0x00000000d6a00000,0x00000000d6a7d900,0x00000000d6a80000)
  to   space 2560K, 0% used [0x00000000d6600000,0x00000000d6600000,0x00000000d6880000)
 ParOldGen       total 957440K, used 957137K [0x0000000080000000, 0x00000000ba700000, 0x00000000d5580000)
  object space 957440K, 99% used [0x0000000080000000,0x00000000ba6b4438,0x00000000ba700000)
 Metaspace       used 92781K, committed 94528K, reserved 1179648K
  class space    used 9194K, committed 9984K, reserved 1048576K
}
Event: 65311.698 GC heap after
{Heap after GC invocations=3534 (full 8):
 PSYoungGen      total 19456K, used 1982K [0x00000000d5580000, 0x00000000d6a80000, 0x0000000100000000)
  eden space 16896K, 0% used [0x00000000d5580000,0x00000000d5580000,0x00000000d6600000)
  from space 2560K, 77% used [0x00000000d6600000,0x00000000d67efac8,0x00000000d6880000)
  to   space 2048K, 0% used [0x00000000d6880000,0x00000000d6880000,0x00000000d6a80000)
 ParOldGen       total 957952K, used 957561K [0x0000000080000000, 0x00000000ba780000, 0x00000000d5580000)
  object space 957952K, 99% used [0x0000000080000000,0x00000000ba71e7a8,0x00000000ba780000)
 Metaspace       used 92781K, committed 94528K, reserved 1179648K
  class space    used 9194K, committed 9984K, reserved 1048576K
}
Event: 65311.711 GC heap before
{Heap before GC invocations=3535 (full 8):
 PSYoungGen      total 19456K, used 18878K [0x00000000d5580000, 0x00000000d6a80000, 0x0000000100000000)
  eden space 16896K, 100% used [0x00000000d5580000,0x00000000d6600000,0x00000000d6600000)
  from space 2560K, 77% used [0x00000000d6600000,0x00000000d67efac8,0x00000000d6880000)
  to   space 2048K, 0% used [0x00000000d6880000,0x00000000d6880000,0x00000000d6a80000)
 ParOldGen       total 957952K, used 957561K [0x0000000080000000, 0x00000000ba780000, 0x00000000d5580000)
  object space 957952K, 99% used [0x0000000080000000,0x00000000ba71e7a8,0x00000000ba780000)
 Metaspace       used 92782K, committed 94528K, reserved 1179648K
  class space    used 9194K, committed 9984K, reserved 1048576K
}
Event: 65311.714 GC heap after
{Heap after GC invocations=3535 (full 8):
 PSYoungGen      total 17920K, used 826K [0x00000000d5580000, 0x00000000d6980000, 0x0000000100000000)
  eden space 16896K, 0% used [0x00000000d5580000,0x00000000d5580000,0x00000000d6600000)
  from space 1024K, 80% used [0x00000000d6880000,0x00000000d694e900,0x00000000d6980000)
  to   space 1536K, 0% used [0x00000000d6680000,0x00000000d6680000,0x00000000d6800000)
 ParOldGen       total 958464K, used 958005K [0x0000000080000000, 0x00000000ba800000, 0x00000000d5580000)
  object space 958464K, 99% used [0x0000000080000000,0x00000000ba78d560,0x00000000ba800000)
 Metaspace       used 92782K, committed 94528K, reserved 1179648K
  class space    used 9194K, committed 9984K, reserved 1048576K
}
Event: 65380.986 GC heap before
{Heap before GC invocations=3536 (full 8):
 PSYoungGen      total 17920K, used 17722K [0x00000000d5580000, 0x00000000d6980000, 0x0000000100000000)
  eden space 16896K, 100% used [0x00000000d5580000,0x00000000d6600000,0x00000000d6600000)
  from space 1024K, 80% used [0x00000000d6880000,0x00000000d694e900,0x00000000d6980000)
  to   space 1536K, 0% used [0x00000000d6680000,0x00000000d6680000,0x00000000d6800000)
 ParOldGen       total 958464K, used 958005K [0x0000000080000000, 0x00000000ba800000, 0x00000000d5580000)
  object space 958464K, 99% used [0x0000000080000000,0x00000000ba78d560,0x00000000ba800000)
 Metaspace       used 92792K, committed 94528K, reserved 1179648K
  class space    used 9194K, committed 9984K, reserved 1048576K
}
Event: 65380.989 GC heap after
{Heap after GC invocations=3536 (full 8):
 PSYoungGen      total 18432K, used 256K [0x00000000d5580000, 0x00000000d6900000, 0x0000000100000000)
  eden space 16896K, 0% used [0x00000000d5580000,0x00000000d5580000,0x00000000d6600000)
  from space 1536K, 16% used [0x00000000d6680000,0x00000000d66c0000,0x00000000d6800000)
  to   space 1024K, 0% used [0x00000000d6800000,0x00000000d6800000,0x00000000d6900000)
 ParOldGen       total 958464K, used 958037K [0x0000000080000000, 0x00000000ba800000, 0x00000000d5580000)
  object space 958464K, 99% used [0x0000000080000000,0x00000000ba795560,0x00000000ba800000)
 Metaspace       used 92792K, committed 94528K, reserved 1179648K
  class space    used 9194K, committed 9984K, reserved 1048576K
}
Event: 65381.019 GC heap before
{Heap before GC invocations=3537 (full 8):
 PSYoungGen      total 18432K, used 17152K [0x00000000d5580000, 0x00000000d6900000, 0x0000000100000000)
  eden space 16896K, 100% used [0x00000000d5580000,0x00000000d6600000,0x00000000d6600000)
  from space 1536K, 16% used [0x00000000d6680000,0x00000000d66c0000,0x00000000d6800000)
  to   space 1024K, 0% used [0x00000000d6800000,0x00000000d6800000,0x00000000d6900000)
 ParOldGen       total 958464K, used 958037K [0x0000000080000000, 0x00000000ba800000, 0x00000000d5580000)
  object space 958464K, 99% used [0x0000000080000000,0x00000000ba795560,0x00000000ba800000)
 Metaspace       used 92792K, committed 94528K, reserved 1179648K
  class space    used 9194K, committed 9984K, reserved 1048576K
}
Event: 65381.021 GC heap after
{Heap after GC invocations=3537 (full 8):
 PSYoungGen      total 17920K, used 713K [0x00000000d5580000, 0x00000000d6900000, 0x0000000100000000)
  eden space 16896K, 0% used [0x00000000d5580000,0x00000000d5580000,0x00000000d6600000)
  from space 1024K, 69% used [0x00000000d6800000,0x00000000d68b2400,0x00000000d6900000)
  to   space 1024K, 0% used [0x00000000d6700000,0x00000000d6700000,0x00000000d6800000)
 ParOldGen       total 958464K, used 958093K [0x0000000080000000, 0x00000000ba800000, 0x00000000d5580000)
  object space 958464K, 99% used [0x0000000080000000,0x00000000ba7a3560,0x00000000ba800000)
 Metaspace       used 92792K, committed 94528K, reserved 1179648K
  class space    used 9194K, committed 9984K, reserved 1048576K
}
Event: 65381.496 GC heap before
{Heap before GC invocations=3538 (full 8):
 PSYoungGen      total 17920K, used 16554K [0x00000000d5580000, 0x00000000d6900000, 0x0000000100000000)
  eden space 16896K, 93% used [0x00000000d5580000,0x00000000d64f8470,0x00000000d6600000)
  from space 1024K, 69% used [0x00000000d6800000,0x00000000d68b2400,0x00000000d6900000)
  to   space 1024K, 0% used [0x00000000d6700000,0x00000000d6700000,0x00000000d6800000)
 ParOldGen       total 958464K, used 958093K [0x0000000080000000, 0x00000000ba800000, 0x00000000d5580000)
  object space 958464K, 99% used [0x0000000080000000,0x00000000ba7a3560,0x00000000ba800000)
 Metaspace       used 92793K, committed 94528K, reserved 1179648K
  class space    used 9194K, committed 9984K, reserved 1048576K
}
Event: 65381.499 GC heap after
{Heap after GC invocations=3538 (full 8):
 PSYoungGen      total 17408K, used 473K [0x00000000d5580000, 0x00000000d6880000, 0x0000000100000000)
  eden space 16896K, 0% used [0x00000000d5580000,0x00000000d5580000,0x00000000d6600000)
  from space 512K, 92% used [0x00000000d6700000,0x00000000d67764d8,0x00000000d6780000)
  to   space 1024K, 0% used [0x00000000d6780000,0x00000000d6780000,0x00000000d6880000)
 ParOldGen       total 958464K, used 958109K [0x0000000080000000, 0x00000000ba800000, 0x00000000d5580000)
  object space 958464K, 99% used [0x0000000080000000,0x00000000ba7a7560,0x00000000ba800000)
 Metaspace       used 92793K, committed 94528K, reserved 1179648K
  class space    used 9194K, committed 9984K, reserved 1048576K
}
Event: 65382.067 GC heap before
{Heap before GC invocations=3539 (full 8):
 PSYoungGen      total 17408K, used 17270K [0x00000000d5580000, 0x00000000d6880000, 0x0000000100000000)
  eden space 16896K, 99% used [0x00000000d5580000,0x00000000d65e7688,0x00000000d6600000)
  from space 512K, 92% used [0x00000000d6700000,0x00000000d67764d8,0x00000000d6780000)
  to   space 1024K, 0% used [0x00000000d6780000,0x00000000d6780000,0x00000000d6880000)
 ParOldGen       total 958464K, used 958109K [0x0000000080000000, 0x00000000ba800000, 0x00000000d5580000)
  object space 958464K, 99% used [0x0000000080000000,0x00000000ba7a7560,0x00000000ba800000)
 Metaspace       used 92793K, committed 94528K, reserved 1179648K
  class space    used 9194K, committed 9984K, reserved 1048576K
}
Event: 65382.070 GC heap after
{Heap after GC invocations=3539 (full 8):
 PSYoungGen      total 17920K, used 1016K [0x00000000d5580000, 0x00000000d6900000, 0x0000000100000000)
  eden space 16896K, 0% used [0x00000000d5580000,0x00000000d5580000,0x00000000d6600000)
  from space 1024K, 99% used [0x00000000d6780000,0x00000000d687e2e0,0x00000000d6880000)
  to   space 1536K, 0% used [0x00000000d6600000,0x00000000d6600000,0x00000000d6780000)
 ParOldGen       total 958464K, used 958149K [0x0000000080000000, 0x00000000ba800000, 0x00000000d5580000)
  object space 958464K, 99% used [0x0000000080000000,0x00000000ba7b1560,0x00000000ba800000)
 Metaspace       used 92793K, committed 94528K, reserved 1179648K
  class space    used 9194K, committed 9984K, reserved 1048576K
}

